Determining if the function poll exists failed with the following output:
Change Dir: C:/Users/admin/Desktop/c/CMakeFiles/CMakeTmp

Run Build Command(s):C:/Program Files (x86)/Microsoft Visual Studio/2019/Enterprise/MSBuild/Current/Bin/MSBuild.exe cmTC_82fe5.vcxproj /p:Configuration=Debug /p:Platform=x64 /p:VisualStudioVersion=16.0 /v:m && Microsoft (R) Build Engine ўҐабЁЁ 16.2.37902+b5aaefc9f ¤«п .NET Framework
(C) Љ®аЇ®а жЁп Њ ©Єа®б®дв (Microsoft Corporation). ‚бҐ Їа ў  § йЁйҐ­л.

  Microsoft (R) C/C++ Optimizing Compiler Version 19.22.27905 for x64
  CheckFunctionExists.cxx
  Copyright (C) Microsoft Corporation.  All rights reserved.
  cl /c /Zi /W3 /WX- /diagnostics:column /Od /Ob0 /D WIN32 /D _WINDOWS /D CHECK_FUNCTION_EXISTS=poll /D "CMAKE_INTDIR=\"Debug\"" /D _MBCS /Gm- /EHsc /RTC1 /MDd /GS /fp:precise /Zc:wchar_t /Zc:forScope /Zc:inline /GR /std:c++17 /Fo"cmTC_82fe5.dir\Debug\\" /Fd"cmTC_82fe5.dir\Debug\vc142.pdb" /Gd /TP /errorReport:queue C:\Users\admin\Desktop\c\CMakeFiles\CheckFunctionExists\CheckFunctionExists.cxx
CheckFunctionExists.obj : error LNK2019: unresolved external symbol poll referenced in function main [C:\Users\admin\Desktop\c\CMakeFiles\CMakeTmp\cmTC_82fe5.vcxproj]
C:\Users\admin\Desktop\c\CMakeFiles\CMakeTmp\Debug\cmTC_82fe5.exe : fatal error LNK1120: 1 unresolved externals [C:\Users\admin\Desktop\c\CMakeFiles\CMakeTmp\cmTC_82fe5.vcxproj]



Determining if the PQencryptPasswordConn exist failed with the following output:
Change Dir: C:/Users/admin/Desktop/c/CMakeFiles/CMakeTmp

Run Build Command(s):C:/Program Files (x86)/Microsoft Visual Studio/2019/Enterprise/MSBuild/Current/Bin/MSBuild.exe cmTC_95e9e.vcxproj /p:Configuration=Debug /p:Platform=x64 /p:VisualStudioVersion=16.0 /v:m && Microsoft (R) Build Engine ўҐабЁЁ 16.2.37902+b5aaefc9f ¤«п .NET Framework
(C) Љ®аЇ®а жЁп Њ ©Єа®б®дв (Microsoft Corporation). ‚бҐ Їа ў  § йЁйҐ­л.

  Microsoft (R) C/C++ Optimizing Compiler Version 19.22.27905 for x64
  CheckSymbolExists.cxx
  Copyright (C) Microsoft Corporation.  All rights reserved.
  cl /c /Zi /W3 /WX- /diagnostics:column /Od /Ob0 /D WIN32 /D _WINDOWS /D "CMAKE_INTDIR=\"Debug\"" /D _MBCS /Gm- /EHsc /RTC1 /MDd /GS /fp:precise /Zc:wchar_t /Zc:forScope /Zc:inline /GR /std:c++17 /Fo"cmTC_95e9e.dir\Debug\\" /Fd"cmTC_95e9e.dir\Debug\vc142.pdb" /Gd /TP /errorReport:queue C:\Users\admin\Desktop\c\CMakeFiles\CMakeTmp\CheckSymbolExists.cxx
LINK : fatal error LNK1104: cannot open file 'pq.lib' [C:\Users\admin\Desktop\c\CMakeFiles\CMakeTmp\cmTC_95e9e.vcxproj]


File C:/Users/admin/Desktop/c/CMakeFiles/CMakeTmp/CheckSymbolExists.cxx:
/* */
#include <C:/Program Files/PostgreSQL/14/include/libpq-fe.h>

int main(int argc, char** argv)
{
  (void)argv;
#ifndef PQencryptPasswordConn
  return ((int*)(&PQencryptPasswordConn))[argc];
#else
  (void)argc;
  return 0;
#endif
}
